working...
Error: Invalid --indep-pairwise r^2 threshold
'/mss3/RDA_Phase2/programs/plink1.9/plink'.
For more information, try 'plink --help [flag name]' or 'plink --help | more'.

VCFtools - 0.1.17
(C) Adam Auton and Anthony Marcketta 2009

Parameters as interpreted:
	--gzvcf /mss_dc/project/ny/pap/Pipeline_update/Original_update/script/treemix_tmp/noN.vcf.gz
	--out /mss_dc/project/ny/pap/Pipeline_update/Original_update/script/treemix_tmp/noN.pruning
	--positions /mss_dc/project/ny/pap/Pipeline_update/Original_update/script/treemix_tmp/noN.prune.in
	--recode
	--stdout

Using zlib version: 1.2.11
Warning: Expected at least 2 parts in FORMAT entry: ID=PGT,Number=1,Type=String,Description="Physical phasing haplotype information, describing how the alternate alleles are phased in relation to one another">
Warning: Expected at least 2 parts in FORMAT entry: ID=PID,Number=1,Type=String,Description="Physical phasing ID information, where each unique ID within a given sample (but not across samples) connects records within a phasing group">
Warning: Expected at least 2 parts in FORMAT entry: ID=PL,Number=G,Type=Integer,Description="Normalized, Phred-scaled likelihoods for genotypes as defined in the VCF specification">
Warning: Expected at least 2 parts in FORMAT entry: ID=RGQ,Number=1,Type=Integer,Description="Unconditional reference genotype confidence, encoded as a phred quality -10*log10 p(genotype call is wrong)">
Warning: Expected at least 2 parts in INFO entry: ID=AC,Number=A,Type=Integer,Description="Allele count in genotypes, for each ALT allele, in the same order as listed">
Warning: Expected at least 2 parts in INFO entry: ID=AC,Number=A,Type=Integer,Description="Allele count in genotypes, for each ALT allele, in the same order as listed">
Warning: Expected at least 2 parts in INFO entry: ID=AF,Number=A,Type=Float,Description="Allele Frequency, for each ALT allele, in the same order as listed">
Warning: Expected at least 2 parts in INFO entry: ID=AF,Number=A,Type=Float,Description="Allele Frequency, for each ALT allele, in the same order as listed">
Warning: Expected at least 2 parts in INFO entry: ID=MLEAC,Number=A,Type=Integer,Description="Maximum likelihood expectation (MLE) for the allele counts (not necessarily the same as the AC), for each ALT allele, in the same order as listed">
Warning: Expected at least 2 parts in INFO entry: ID=MLEAC,Number=A,Type=Integer,Description="Maximum likelihood expectation (MLE) for the allele counts (not necessarily the same as the AC), for each ALT allele, in the same order as listed">
Warning: Expected at least 2 parts in INFO entry: ID=MLEAF,Number=A,Type=Float,Description="Maximum likelihood expectation (MLE) for the allele frequency (not necessarily the same as the AF), for each ALT allele, in the same order as listed">
Warning: Expected at least 2 parts in INFO entry: ID=MLEAF,Number=A,Type=Float,Description="Maximum likelihood expectation (MLE) for the allele frequency (not necessarily the same as the AF), for each ALT allele, in the same order as listed">
After filtering, kept 25 out of 25 Individuals
Outputting VCF file...
After filtering, kept 0 out of a possible 0 Sites
File does not contain any sites
Run Time = 0.00 seconds
finished, new file /mss_dc/project/ny/pap/Pipeline_update/Original_update/script/treemix_tmp/noN.LDpruned filtered for LD in 50 kb windows, shifting by 10 kb with LD threshold /mss3/RDA_Phase2/programs/plink1.9/plink

